INFO:     Started server process [82510]
INFO:     Waiting for application startup.
INFO:     Application startup complete.
INFO:     Uvicorn running on http://0.0.0.0:8000 (Press CTRL+C to quit)
[DB] Using database: salamaty_db
INFO:     127.0.0.1:57870 - "GET /health HTTP/1.1" 200 OK
(trapped) error reading bcrypt version
Traceback (most recent call last):
  File "/Users/salehalzaid/Documents/massdeigners/salamah_rounds/backend/venv/lib/python3.13/site-packages/passlib/handlers/bcrypt.py", line 620, in _load_backend_mixin
    version = _bcrypt.__about__.__version__
              ^^^^^^^^^^^^^^^^^
AttributeError: module 'bcrypt' has no attribute '__about__'
INFO:     127.0.0.1:57875 - "POST /auth/signin HTTP/1.1" 200 OK
INFO:     127.0.0.1:57881 - "DELETE /users/22 HTTP/1.1" 500 Internal Server Error
ERROR:    Exception in ASGI application
Traceback (most recent call last):
  File "/Users/salehalzaid/Documents/massdeigners/salamah_rounds/backend/venv/lib/python3.13/site-packages/sqlalchemy/engine/base.py", line 1936, in _exec_single_context
    self.dialect.do_executemany(
    ~~~~~~~~~~~~~~~~~~~~~~~~~~~^
        cursor,
        ^^^^^^^
    ...<2 lines>...
        context,
        ^^^^^^^^
    )
    ^
  File "/Users/salehalzaid/Documents/massdeigners/salamah_rounds/backend/venv/lib/python3.13/site-packages/sqlalchemy/dialects/postgresql/psycopg2.py", line 800, in do_executemany
    cursor.executemany(statement, parameters)
    ~~~~~~~~~~~~~~~~~~^^^^^^^^^^^^^^^^^^^^^^^
psycopg2.errors.NotNullViolation: null value in column "created_by_id" of relation "capas" violates not-null constraint
DETAIL:  Failing row contains (25, خطة تصحيحية - جولة مكافحة العدوى, نتج عن تقييم الجولة جولة مكافحة الع..., null, التمريض, medium, pending, سارة المقيم, 2025-09-20 20:27:35.261+03, null, 2025-09-13 20:27:35.262625+03, 3).


The above exception was the direct cause of the following exception:

Traceback (most recent call last):
  File "/Users/salehalzaid/Documents/massdeigners/salamah_rounds/backend/venv/lib/python3.13/site-packages/uvicorn/protocols/http/h11_impl.py", line 403, in run_asgi
    result = await app(  # type: ignore[func-returns-value]
             ^^^^^^^^^^^^^^^^^^^^^^^^^^^^^^^^^^^^^^^^^^^^^^
        self.scope, self.receive, self.send
        ^^^^^^^^^^^^^^^^^^^^^^^^^^^^^^^^^^^
    )
    ^
  File "/Users/salehalzaid/Documents/massdeigners/salamah_rounds/backend/venv/lib/python3.13/site-packages/uvicorn/middleware/proxy_headers.py", line 60, in __call__
    return await self.app(scope, receive, send)
           ^^^^^^^^^^^^^^^^^^^^^^^^^^^^^^^^^^^^
  File "/Users/salehalzaid/Documents/massdeigners/salamah_rounds/backend/venv/lib/python3.13/site-packages/fastapi/applications.py", line 1054, in __call__
    await super().__call__(scope, receive, send)
  File "/Users/salehalzaid/Documents/massdeigners/salamah_rounds/backend/venv/lib/python3.13/site-packages/starlette/applications.py", line 113, in __call__
    await self.middleware_stack(scope, receive, send)
  File "/Users/salehalzaid/Documents/massdeigners/salamah_rounds/backend/venv/lib/python3.13/site-packages/starlette/middleware/errors.py", line 186, in __call__
    raise exc
  File "/Users/salehalzaid/Documents/massdeigners/salamah_rounds/backend/venv/lib/python3.13/site-packages/starlette/middleware/errors.py", line 164, in __call__
    await self.app(scope, receive, _send)
  File "/Users/salehalzaid/Documents/massdeigners/salamah_rounds/backend/venv/lib/python3.13/site-packages/starlette/middleware/cors.py", line 85, in __call__
    await self.app(scope, receive, send)
  File "/Users/salehalzaid/Documents/massdeigners/salamah_rounds/backend/venv/lib/python3.13/site-packages/starlette/middleware/exceptions.py", line 63, in __call__
    await wrap_app_handling_exceptions(self.app, conn)(scope, receive, send)
  File "/Users/salehalzaid/Documents/massdeigners/salamah_rounds/backend/venv/lib/python3.13/site-packages/starlette/_exception_handler.py", line 53, in wrapped_app
    raise exc
  File "/Users/salehalzaid/Documents/massdeigners/salamah_rounds/backend/venv/lib/python3.13/site-packages/starlette/_exception_handler.py", line 42, in wrapped_app
    await app(scope, receive, sender)
  File "/Users/salehalzaid/Documents/massdeigners/salamah_rounds/backend/venv/lib/python3.13/site-packages/starlette/routing.py", line 716, in __call__
    await self.middleware_stack(scope, receive, send)
  File "/Users/salehalzaid/Documents/massdeigners/salamah_rounds/backend/venv/lib/python3.13/site-packages/starlette/routing.py", line 736, in app
    await route.handle(scope, receive, send)
  File "/Users/salehalzaid/Documents/massdeigners/salamah_rounds/backend/venv/lib/python3.13/site-packages/starlette/routing.py", line 290, in handle
    await self.app(scope, receive, send)
  File "/Users/salehalzaid/Documents/massdeigners/salamah_rounds/backend/venv/lib/python3.13/site-packages/starlette/routing.py", line 78, in app
    await wrap_app_handling_exceptions(app, request)(scope, receive, send)
  File "/Users/salehalzaid/Documents/massdeigners/salamah_rounds/backend/venv/lib/python3.13/site-packages/starlette/_exception_handler.py", line 53, in wrapped_app
    raise exc
  File "/Users/salehalzaid/Documents/massdeigners/salamah_rounds/backend/venv/lib/python3.13/site-packages/starlette/_exception_handler.py", line 42, in wrapped_app
    await app(scope, receive, sender)
  File "/Users/salehalzaid/Documents/massdeigners/salamah_rounds/backend/venv/lib/python3.13/site-packages/starlette/routing.py", line 75, in app
    response = await f(request)
               ^^^^^^^^^^^^^^^^
  File "/Users/salehalzaid/Documents/massdeigners/salamah_rounds/backend/venv/lib/python3.13/site-packages/fastapi/routing.py", line 302, in app
    raw_response = await run_endpoint_function(
                   ^^^^^^^^^^^^^^^^^^^^^^^^^^^^
    ...<3 lines>...
    )
    ^
  File "/Users/salehalzaid/Documents/massdeigners/salamah_rounds/backend/venv/lib/python3.13/site-packages/fastapi/routing.py", line 213, in run_endpoint_function
    return await dependant.call(**values)
           ^^^^^^^^^^^^^^^^^^^^^^^^^^^^^^
  File "/Users/salehalzaid/Documents/massdeigners/salamah_rounds/backend/main.py", line 378, in delete_user
    deleted_user = delete_user_data(db, user_id)
  File "/Users/salehalzaid/Documents/massdeigners/salamah_rounds/backend/crud.py", line 119, in delete_user_data
    db.commit()
    ~~~~~~~~~^^
  File "/Users/salehalzaid/Documents/massdeigners/salamah_rounds/backend/venv/lib/python3.13/site-packages/sqlalchemy/orm/session.py", line 2032, in commit
    trans.commit(_to_root=True)
    ~~~~~~~~~~~~^^^^^^^^^^^^^^^
  File "<string>", line 2, in commit
  File "/Users/salehalzaid/Documents/massdeigners/salamah_rounds/backend/venv/lib/python3.13/site-packages/sqlalchemy/orm/state_changes.py", line 137, in _go
    ret_value = fn(self, *arg, **kw)
  File "/Users/salehalzaid/Documents/massdeigners/salamah_rounds/backend/venv/lib/python3.13/site-packages/sqlalchemy/orm/session.py", line 1313, in commit
    self._prepare_impl()
    ~~~~~~~~~~~~~~~~~~^^
  File "<string>", line 2, in _prepare_impl
  File "/Users/salehalzaid/Documents/massdeigners/salamah_rounds/backend/venv/lib/python3.13/site-packages/sqlalchemy/orm/state_changes.py", line 137, in _go
    ret_value = fn(self, *arg, **kw)
  File "/Users/salehalzaid/Documents/massdeigners/salamah_rounds/backend/venv/lib/python3.13/site-packages/sqlalchemy/orm/session.py", line 1288, in _prepare_impl
    self.session.flush()
    ~~~~~~~~~~~~~~~~~~^^
  File "/Users/salehalzaid/Documents/massdeigners/salamah_rounds/backend/venv/lib/python3.13/site-packages/sqlalchemy/orm/session.py", line 4345, in flush
    self._flush(objects)
    ~~~~~~~~~~~^^^^^^^^^
  File "/Users/salehalzaid/Documents/massdeigners/salamah_rounds/backend/venv/lib/python3.13/site-packages/sqlalchemy/orm/session.py", line 4480, in _flush
    with util.safe_reraise():
         ~~~~~~~~~~~~~~~~~^^
  File "/Users/salehalzaid/Documents/massdeigners/salamah_rounds/backend/venv/lib/python3.13/site-packages/sqlalchemy/util/langhelpers.py", line 224, in __exit__
    raise exc_value.with_traceback(exc_tb)
  File "/Users/salehalzaid/Documents/massdeigners/salamah_rounds/backend/venv/lib/python3.13/site-packages/sqlalchemy/orm/session.py", line 4441, in _flush
    flush_context.execute()
    ~~~~~~~~~~~~~~~~~~~~~^^
  File "/Users/salehalzaid/Documents/massdeigners/salamah_rounds/backend/venv/lib/python3.13/site-packages/sqlalchemy/orm/unitofwork.py", line 466, in execute
    rec.execute(self)
    ~~~~~~~~~~~^^^^^^
  File "/Users/salehalzaid/Documents/massdeigners/salamah_rounds/backend/venv/lib/python3.13/site-packages/sqlalchemy/orm/unitofwork.py", line 642, in execute
    util.preloaded.orm_persistence.save_obj(
    ~~~~~~~~~~~~~~~~~~~~~~~~~~~~~~~~~~~~~~~^
        self.mapper,
        ^^^^^^^^^^^^
        uow.states_for_mapper_hierarchy(self.mapper, False, False),
        ^^^^^^^^^^^^^^^^^^^^^^^^^^^^^^^^^^^^^^^^^^^^^^^^^^^^^^^^^^^
        uow,
        ^^^^
    )
    ^
  File "/Users/salehalzaid/Documents/massdeigners/salamah_rounds/backend/venv/lib/python3.13/site-packages/sqlalchemy/orm/persistence.py", line 85, in save_obj
    _emit_update_statements(
    ~~~~~~~~~~~~~~~~~~~~~~~^
        base_mapper,
        ^^^^^^^^^^^^
    ...<3 lines>...
        update,
        ^^^^^^^
    )
    ^
  File "/Users/salehalzaid/Documents/massdeigners/salamah_rounds/backend/venv/lib/python3.13/site-packages/sqlalchemy/orm/persistence.py", line 912, in _emit_update_statements
    c = connection.execute(
        statement, multiparams, execution_options=execution_options
    )
  File "/Users/salehalzaid/Documents/massdeigners/salamah_rounds/backend/venv/lib/python3.13/site-packages/sqlalchemy/engine/base.py", line 1419, in execute
    return meth(
        self,
        distilled_parameters,
        execution_options or NO_OPTIONS,
    )
  File "/Users/salehalzaid/Documents/massdeigners/salamah_rounds/backend/venv/lib/python3.13/site-packages/sqlalchemy/sql/elements.py", line 526, in _execute_on_connection
    return connection._execute_clauseelement(
           ~~~~~~~~~~~~~~~~~~~~~~~~~~~~~~~~~^
        self, distilled_params, execution_options
        ^^^^^^^^^^^^^^^^^^^^^^^^^^^^^^^^^^^^^^^^^
    )
    ^
  File "/Users/salehalzaid/Documents/massdeigners/salamah_rounds/backend/venv/lib/python3.13/site-packages/sqlalchemy/engine/base.py", line 1641, in _execute_clauseelement
    ret = self._execute_context(
        dialect,
    ...<8 lines>...
        cache_hit=cache_hit,
    )
  File "/Users/salehalzaid/Documents/massdeigners/salamah_rounds/backend/venv/lib/python3.13/site-packages/sqlalchemy/engine/base.py", line 1846, in _execute_context
    return self._exec_single_context(
           ~~~~~~~~~~~~~~~~~~~~~~~~~^
        dialect, context, statement, parameters
        ^^^^^^^^^^^^^^^^^^^^^^^^^^^^^^^^^^^^^^^
    )
    ^
  File "/Users/salehalzaid/Documents/massdeigners/salamah_rounds/backend/venv/lib/python3.13/site-packages/sqlalchemy/engine/base.py", line 1986, in _exec_single_context
    self._handle_dbapi_exception(
    ~~~~~~~~~~~~~~~~~~~~~~~~~~~~^
        e, str_statement, effective_parameters, cursor, context
        ^^^^^^^^^^^^^^^^^^^^^^^^^^^^^^^^^^^^^^^^^^^^^^^^^^^^^^^
    )
    ^
  File "/Users/salehalzaid/Documents/massdeigners/salamah_rounds/backend/venv/lib/python3.13/site-packages/sqlalchemy/engine/base.py", line 2355, in _handle_dbapi_exception
    raise sqlalchemy_exception.with_traceback(exc_info[2]) from e
  File "/Users/salehalzaid/Documents/massdeigners/salamah_rounds/backend/venv/lib/python3.13/site-packages/sqlalchemy/engine/base.py", line 1936, in _exec_single_context
    self.dialect.do_executemany(
    ~~~~~~~~~~~~~~~~~~~~~~~~~~~^
        cursor,
        ^^^^^^^
    ...<2 lines>...
        context,
        ^^^^^^^^
    )
    ^
  File "/Users/salehalzaid/Documents/massdeigners/salamah_rounds/backend/venv/lib/python3.13/site-packages/sqlalchemy/dialects/postgresql/psycopg2.py", line 800, in do_executemany
    cursor.executemany(statement, parameters)
    ~~~~~~~~~~~~~~~~~~^^^^^^^^^^^^^^^^^^^^^^^
sqlalchemy.exc.IntegrityError: (psycopg2.errors.NotNullViolation) null value in column "created_by_id" of relation "capas" violates not-null constraint
DETAIL:  Failing row contains (25, خطة تصحيحية - جولة مكافحة العدوى, نتج عن تقييم الجولة جولة مكافحة الع..., null, التمريض, medium, pending, سارة المقيم, 2025-09-20 20:27:35.261+03, null, 2025-09-13 20:27:35.262625+03, 3).

[SQL: UPDATE capas SET created_by_id=%(created_by_id)s WHERE capas.id = %(capas_id)s]
[parameters: [{'created_by_id': None, 'capas_id': 25}, {'created_by_id': None, 'capas_id': 26}, {'created_by_id': None, 'capas_id': 27}, {'created_by_id': None, 'capas_id': 28}]]
(Background on this error at: https://sqlalche.me/e/20/gkpj)
INFO:     Shutting down
INFO:     Waiting for application shutdown.
INFO:     Application shutdown complete.
INFO:     Finished server process [82510]
